Começando a logar
Hoje 2025-04-27 13:48:19.300340
Namespace(hidden_size=64, lrate=0.01, it=50000, eval_ev=1000, verbose=0, input='result_aux_big.txt', rel_mask=0.3, rel_test=0.2, max_length=100, length=1000, offset=0, dropout=0.01, ilang_size=10, olang_size=5)
Common (380.0 0.0%); uncommon (21.0 0.0%); rare  (0.0 0%);
0m 20s (- 16m 46s) (1000 2%) LOSS 1.3897 ACC 0.8972
Common (349.0 21.77650429799427%); uncommon (23.0 0.0%); rare  (4.0 0.0%);
0m 38s (- 15m 29s) (2000 4%) LOSS 1.1372 ACC 0.9169
Common (361.0 29.6398891966759%); uncommon (28.0 0.0%); rare  (3.0 0.0%);
0m 56s (- 14m 46s) (3000 6%) LOSS 0.9925 ACC 0.9185
Common (378.0 40.476190476190474%); uncommon (24.0 0.0%); rare  (2.0 0.0%);
1m 15s (- 14m 27s) (4000 8%) LOSS 0.9485 ACC 0.9136
Common (359.0 50.139275766016716%); uncommon (30.0 0.0%); rare  (2.0 0.0%);
1m 34s (- 14m 11s) (5000 10%) LOSS 0.9065 ACC 0.9179
Common (384.0 39.84375%); uncommon (20.0 0.0%); rare  (0.0 0%);
1m 52s (- 13m 46s) (6000 12%) LOSS 0.8500 ACC 0.9108
Common (364.0 52.1978021978022%); uncommon (21.0 0.0%); rare  (2.0 0.0%);
2m 12s (- 13m 31s) (7000 14%) LOSS 0.8071 ACC 0.9231
Common (369.0 68.02168021680217%); uncommon (22.0 4.545454545454546%); rare  (2.0 0.0%);
2m 32s (- 13m 18s) (8000 16%) LOSS 0.7391 ACC 0.9385
Common (352.0 55.96590909090909%); uncommon (39.0 0.0%); rare  (0.0 0%);
2m 52s (- 13m 7s) (9000 18%) LOSS 0.6880 ACC 0.9279
Common (396.0 67.67676767676768%); uncommon (31.0 0.0%); rare  (3.0 0.0%);
3m 11s (- 12m 46s) (10000 20%) LOSS 0.6697 ACC 0.9392
Common (368.0 70.3804347826087%); uncommon (25.0 8.0%); rare  (3.0 0.0%);
3m 31s (- 12m 28s) (11000 22%) LOSS 0.5704 ACC 0.9497
Common (409.0 84.3520782396088%); uncommon (26.0 15.384615384615385%); rare  (0.0 0%);
3m 50s (- 12m 9s) (12000 24%) LOSS 0.5041 ACC 0.9567
Common (363.0 73.55371900826447%); uncommon (24.0 29.166666666666668%); rare  (0.0 0%);
4m 9s (- 11m 51s) (13000 26%) LOSS 0.4924 ACC 0.9562
Common (356.0 80.33707865168539%); uncommon (24.0 25.0%); rare  (2.0 0.0%);
4m 29s (- 11m 33s) (14000 28%) LOSS 0.4411 ACC 0.9649
Common (372.0 81.98924731182795%); uncommon (22.0 18.181818181818183%); rare  (1.0 0.0%);
4m 49s (- 11m 15s) (15000 30%) LOSS 0.3812 ACC 0.9659
Common (368.0 86.1413043478261%); uncommon (17.0 23.529411764705884%); rare  (2.0 0.0%);
5m 8s (- 10m 55s) (16000 32%) LOSS 0.4414 ACC 0.9744
Common (389.0 86.37532133676092%); uncommon (30.0 53.333333333333336%); rare  (1.0 0.0%);
5m 27s (- 10m 35s) (17000 34%) LOSS 0.3307 ACC 0.9682
Common (371.0 90.8355795148248%); uncommon (18.0 61.111111111111114%); rare  (1.0 0.0%);
5m 47s (- 10m 17s) (18000 36%) LOSS 0.2659 ACC 0.9831
Common (371.0 88.40970350404312%); uncommon (18.0 55.55555555555556%); rare  (0.0 0%);
6m 5s (- 9m 57s) (19000 38%) LOSS 0.2220 ACC 0.9790
Common (352.0 88.06818181818181%); uncommon (26.0 61.53846153846154%); rare  (1.0 100.0%);
6m 24s (- 9m 37s) (20000 40%) LOSS 0.2119 ACC 0.9787
Common (378.0 89.94708994708995%); uncommon (28.0 78.57142857142857%); rare  (2.0 0.0%);
6m 43s (- 9m 17s) (21000 42%) LOSS 0.2005 ACC 0.9831
Common (387.0 91.47286821705427%); uncommon (20.0 70.0%); rare  (2.0 50.0%);
7m 1s (- 8m 56s) (22000 44%) LOSS 0.1811 ACC 0.9828
Common (379.0 93.66754617414249%); uncommon (19.0 84.21052631578948%); rare  (1.0 100.0%);
7m 20s (- 8m 37s) (23000 46%) LOSS 0.1766 ACC 0.9885
Common (362.0 94.7513812154696%); uncommon (19.0 68.42105263157895%); rare  (4.0 25.0%);
7m 39s (- 8m 18s) (24000 48%) LOSS 0.1683 ACC 0.9872
Common (380.0 92.10526315789474%); uncommon (30.0 83.33333333333333%); rare  (3.0 66.66666666666667%);
7m 58s (- 7m 58s) (25000 50%) LOSS 0.1653 ACC 0.9854
Common (355.0 94.08450704225352%); uncommon (20.0 90.0%); rare  (1.0 100.0%);
8m 16s (- 7m 38s) (26000 52%) LOSS 0.1465 ACC 0.9905
Common (355.0 97.1830985915493%); uncommon (22.0 86.36363636363636%); rare  (0.0 0%);
8m 35s (- 7m 19s) (27000 54%) LOSS 0.1181 ACC 0.9931
Common (365.0 90.95890410958904%); uncommon (27.0 96.29629629629629%); rare  (2.0 50.0%);
8m 53s (- 6m 59s) (28000 56%) LOSS 0.1063 ACC 0.9869
Common (376.0 92.81914893617021%); uncommon (23.0 69.56521739130434%); rare  (0.0 0%);
9m 12s (- 6m 39s) (29000 57%) LOSS 0.1140 ACC 0.9854
Common (375.0 93.86666666666666%); uncommon (24.0 70.83333333333333%); rare  (1.0 0.0%);
9m 31s (- 6m 21s) (30000 60%) LOSS 0.0985 ACC 0.9877
Common (361.0 94.18282548476455%); uncommon (19.0 78.94736842105263%); rare  (2.0 100.0%);
9m 51s (- 6m 2s) (31000 62%) LOSS 0.1157 ACC 0.9908
Common (375.0 95.46666666666667%); uncommon (31.0 80.64516129032258%); rare  (2.0 50.0%);
10m 11s (- 5m 43s) (32000 64%) LOSS 0.1173 ACC 0.9913
Common (382.0 96.07329842931937%); uncommon (32.0 87.5%); rare  (3.0 66.66666666666667%);
10m 29s (- 5m 24s) (33000 66%) LOSS 0.0908 ACC 0.9915
Common (370.0 92.16216216216216%); uncommon (20.0 90.0%); rare  (3.0 33.333333333333336%);
10m 47s (- 5m 4s) (34000 68%) LOSS 0.0912 ACC 0.9836
Common (362.0 93.92265193370166%); uncommon (22.0 72.72727272727273%); rare  (2.0 50.0%);
11m 7s (- 4m 46s) (35000 70%) LOSS 0.0886 ACC 0.9890
Common (372.0 95.43010752688173%); uncommon (17.0 82.3529411764706%); rare  (3.0 100.0%);
11m 26s (- 4m 27s) (36000 72%) LOSS 0.0788 ACC 0.9908
Common (355.0 96.33802816901408%); uncommon (19.0 89.47368421052632%); rare  (1.0 100.0%);
11m 45s (- 4m 7s) (37000 74%) LOSS 0.0802 ACC 0.9931
Common (383.0 96.8668407310705%); uncommon (26.0 88.46153846153847%); rare  (2.0 100.0%);
12m 3s (- 3m 48s) (38000 76%) LOSS 0.0780 ACC 0.9933
Common (393.0 92.1119592875318%); uncommon (26.0 80.76923076923077%); rare  (1.0 100.0%);
12m 22s (- 3m 29s) (39000 78%) LOSS 0.0805 ACC 0.9859
Common (367.0 96.18528610354224%); uncommon (27.0 88.88888888888889%); rare  (0.0 0%);
12m 41s (- 3m 10s) (40000 80%) LOSS 0.0711 ACC 0.9944
Common (355.0 94.92957746478874%); uncommon (21.0 90.47619047619048%); rare  (0.0 0%);
13m 0s (- 2m 51s) (41000 82%) LOSS 0.0652 ACC 0.9915
Common (360.0 95.83333333333333%); uncommon (20.0 100.0%); rare  (1.0 100.0%);
13m 20s (- 2m 32s) (42000 84%) LOSS 0.0571 ACC 0.9915
Common (358.0 93.57541899441341%); uncommon (29.0 93.10344827586206%); rare  (3.0 66.66666666666667%);
13m 38s (- 2m 13s) (43000 86%) LOSS 0.0572 ACC 0.9887
Common (369.0 94.8509485094851%); uncommon (25.0 92.0%); rare  (2.0 100.0%);
13m 56s (- 1m 54s) (44000 88%) LOSS 0.0591 ACC 0.9903
Common (376.0 97.87234042553192%); uncommon (22.0 100.0%); rare  (2.0 100.0%);
14m 14s (- 1m 34s) (45000 90%) LOSS 0.0540 ACC 0.9951
Common (391.0 96.16368286445012%); uncommon (25.0 84.0%); rare  (2.0 0.0%);
14m 31s (- 1m 15s) (46000 92%) LOSS 0.0614 ACC 0.9887
Common (375.0 97.6%); uncommon (26.0 100.0%); rare  (1.0 100.0%);
14m 49s (- 0m 56s) (47000 94%) LOSS 0.0754 ACC 0.9959
Common (372.0 98.65591397849462%); uncommon (24.0 95.83333333333333%); rare  (3.0 100.0%);
15m 8s (- 0m 37s) (48000 96%) LOSS 0.0642 ACC 0.9959
Common (372.0 96.50537634408602%); uncommon (16.0 93.75%); rare  (0.0 0%);
15m 26s (- 0m 18s) (49000 98%) LOSS 0.0568 ACC 0.9928
Common (375.0 97.06666666666666%); uncommon (27.0 100.0%); rare  (1.0 100.0%);
15m 43s (- 0m 0s) (50000 100%) LOSS 0.0444 ACC 0.9954
Common (4425.0 96.47457627118644%); uncommon (295.0 92.88135593220339%); rare  (16.0 62.5%);
